<?xml version="1.0" encoding="UTF-8"?>
<!-- Generated by org.testng.reporters.JUnitReportReporter -->
<testsuite hostname="DESKTOP-73C86HS" failures="0" tests="2" name="DEMO.ProjectSelenium.CarTest" time="0.008" errors="0" timestamp="2021-04-27T00:51:22 IST" skipped="0">
  <testcase classname="DEMO.ProjectSelenium.CarTest" name="car2" time="0.001"/>
  <system-out/>
  <testcase classname="DEMO.ProjectSelenium.CarTest" name="car1" time="0.007"/>
  <system-out/>
</testsuite> <!-- DEMO.ProjectSelenium.CarTest -->
