<?xml version="1.0" encoding="UTF-8"?>
<!-- Generated by org.testng.reporters.JUnitReportReporter -->
<testsuite hostname="DESKTOP-73C86HS" failures="0" tests="2" name="DEMO.ProjectSelenium.MobileTest" time="0.004" errors="0" timestamp="2021-04-27T01:01:25 IST" skipped="0">
  <testcase classname="DEMO.ProjectSelenium.MobileTest" name="mobile2" time="0.003"/>
  <system-out/>
  <testcase classname="DEMO.ProjectSelenium.MobileTest" name="mobile3" time="0.001"/>
  <system-out/>
</testsuite> <!-- DEMO.ProjectSelenium.MobileTest -->
